|  d0   |  d1   |  s0   |  s1   |  s2   |  y00  |  y10  |  y20  |  y30  |  y40  |  y50  |  y60  |  y70  |
|   1   |   1   |   0   |   0   |   0   |   1   |   0   |   0   |   0   |   0   |   0   |   0   |   0   |
|  y01  |  y11  |  y21  |  y31  |  y41  |  y51  |  y61  |  y71  |
|   1   |   0   |   0   |   0   |   0   |   0   |   0   |   0   |
|  d0   |  d1   |  s0   |  s1   |  s2   |  y00  |  y10  |  y20  |  y30  |  y40  |  y50  |  y60  |  y70  |
|   1   |   0   |   1   |   0   |   0   |   0   |   1   |   0   |   0   |   0   |   0   |   0   |   0   |
|  y01  |  y11  |  y21  |  y31  |  y41  |  y51  |  y61  |  y71  |
|   0   |   0   |   0   |   0   |   0   |   0   |   0   |   0   |
|  d0   |  d1   |  s0   |  s1   |  s2   |  y00  |  y10  |  y20  |  y30  |  y40  |  y50  |  y60  |  y70  |
|   0   |   1   |   0   |   1   |   0   |   0   |   0   |   0   |   0   |   0   |   0   |   0   |   0   |
|  y01  |  y11  |  y21  |  y31  |  y41  |  y51  |  y61  |  y71  |
|   0   |   0   |   1   |   0   |   0   |   0   |   0   |   0   |
|  d0   |  d1   |  s0   |  s1   |  s2   |  y00  |  y10  |  y20  |  y30  |  y40  |  y50  |  y60  |  y70  |
|   0   |   0   |   1   |   1   |   0   |   0   |   0   |   0   |   0   |   0   |   0   |   0   |   0   |
|  y01  |  y11  |  y21  |  y31  |  y41  |  y51  |  y61  |  y71  |
|   0   |   0   |   0   |   0   |   0   |   0   |   0   |   0   |
|  d0   |  d1   |  s0   |  s1   |  s2   |  y00  |  y10  |  y20  |  y30  |  y40  |  y50  |  y60  |  y70  |
|   1   |   1   |   0   |   0   |   1   |   0   |   0   |   0   |   0   |   1   |   0   |   0   |   0   |
|  y01  |  y11  |  y21  |  y31  |  y41  |  y51  |  y61  |  y71  |
|   0   |   0   |   0   |   0   |   1   |   0   |   0   |   0   |
|  d0   |  d1   |  s0   |  s1   |  s2   |  y00  |  y10  |  y20  |  y30  |  y40  |  y50  |  y60  |  y70  |
|   1   |   0   |   1   |   0   |   1   |   0   |   0   |   0   |   0   |   0   |   1   |   0   |   0   |
|  y01  |  y11  |  y21  |  y31  |  y41  |  y51  |  y61  |  y71  |
|   0   |   0   |   0   |   0   |   0   |   0   |   0   |   0   |
|  d0   |  d1   |  s0   |  s1   |  s2   |  y00  |  y10  |  y20  |  y30  |  y40  |  y50  |  y60  |  y70  |
|   0   |   1   |   0   |   1   |   1   |   0   |   0   |   0   |   0   |   0   |   0   |   0   |   0   |
|  y01  |  y11  |  y21  |  y31  |  y41  |  y51  |  y61  |  y71  |
|   0   |   0   |   0   |   0   |   0   |   0   |   1   |   0   |
|  d0   |  d1   |  s0   |  s1   |  s2   |  y00  |  y10  |  y20  |  y30  |  y40  |  y50  |  y60  |  y70  |
|   0   |   0   |   1   |   1   |   1   |   0   |   0   |   0   |   0   |   0   |   0   |   0   |   0   |
|  y01  |  y11  |  y21  |  y31  |  y41  |  y51  |  y61  |  y71  |
|   0   |   0   |   0   |   0   |   0   |   0   |   0   |   0   |
